<?xml version="1.0" encoding="UTF-8"?>
<testng-results skipped="0" failed="0" ignored="0" total="2" passed="2">
  <reporter-output>
  </reporter-output>
  <suite name="Default suite" duration-ms="16032" started-at="2018-12-23T22:00:16Z" finished-at="2018-12-23T22:00:32Z">
    <groups>
    </groups>
    <test name="Default test" duration-ms="16032" started-at="2018-12-23T22:00:16Z" finished-at="2018-12-23T22:00:32Z">
      <class name="tests.LoginTestAfterPageFactory">
        <test-method status="PASS" signature="beforeMethod()[pri:0, instance:tests.LoginTestAfterPageFactory@7a69b07]" name="beforeMethod" is-config="true" duration-ms="6161" started-at="2018-12-23T22:00:16Z" finished-at="2018-12-23T22:00:22Z">
          <reporter-output>
          </reporter-output>
        </test-method> <!-- beforeMethod -->
        <test-method status="PASS" signature="loginWithIncorrectEmail()[pri:0, instance:tests.LoginTestAfterPageFactory@7a69b07]" name="loginWithIncorrectEmail" duration-ms="431" started-at="2018-12-23T22:00:22Z" finished-at="2018-12-23T22:00:23Z">
          <reporter-output>
          </reporter-output>
        </test-method> <!-- loginWithIncorrectEmail -->
        <test-method status="PASS" signature="afterMethod()[pri:0, instance:tests.LoginTestAfterPageFactory@7a69b07]" name="afterMethod" is-config="true" duration-ms="1440" started-at="2018-12-23T22:00:23Z" finished-at="2018-12-23T22:00:24Z">
          <reporter-output>
          </reporter-output>
        </test-method> <!-- afterMethod -->
        <test-method status="PASS" signature="beforeMethod()[pri:0, instance:tests.LoginTestAfterPageFactory@7a69b07]" name="beforeMethod" is-config="true" duration-ms="5323" started-at="2018-12-23T22:00:24Z" finished-at="2018-12-23T22:00:29Z">
          <reporter-output>
          </reporter-output>
        </test-method> <!-- beforeMethod -->
        <test-method status="PASS" signature="loginWithIncorrectPassword()[pri:0, instance:tests.LoginTestAfterPageFactory@7a69b07]" name="loginWithIncorrectPassword" duration-ms="1544" started-at="2018-12-23T22:00:29Z" finished-at="2018-12-23T22:00:31Z">
          <reporter-output>
          </reporter-output>
        </test-method> <!-- loginWithIncorrectPassword -->
        <test-method status="PASS" signature="afterMethod()[pri:0, instance:tests.LoginTestAfterPageFactory@7a69b07]" name="afterMethod" is-config="true" duration-ms="1109" started-at="2018-12-23T22:00:31Z" finished-at="2018-12-23T22:00:32Z">
          <reporter-output>
          </reporter-output>
        </test-method> <!-- afterMethod -->
      </class> <!-- tests.LoginTestAfterPageFactory -->
    </test> <!-- Default test -->
  </suite> <!-- Default suite -->
</testng-results>
