-------------------------------------------------------------------------------
Test set: TestSuite
-------------------------------------------------------------------------------
Tests run: 8, Failures: 1, Errors: 0, Skipped: 1, Time elapsed: 2.216 s <<< FAILURE! - in TestSuite
mainTest(com.testing.Testing3)  Time elapsed: 0.027 s  <<< FAILURE!
java.lang.AssertionError: 
The following asserts failed:
	Verifying element expected [true] but found [false]
	at com.testing.Testing3.mainTest(Testing3.java:25)

