<?xml version="1.0" encoding="UTF-8"?>
<!-- Generated by org.testng.reporters.JUnitXMLReporter -->
<testsuite hostname="LAPTOP-SGJDQTGR" ignored="0" name="Command line test" tests="2" failures="0" timestamp="14 Dec 2018 05:21:44 GMT" time="0.043" errors="0">
  <testcase name="@BeforeMethod setUp" time="0.008" classname="demoqa.demoqaTest.HomePageTest">
    <failure type="java.lang.NullPointerException">
      <![CDATA[java.lang.NullPointerException
at com.storeqa.base.BaseClass.initialization(BaseClass.java:32)
at demoqa.demoqaTest.HomePageTest.setUp(HomePageTest.java:18)
... Removed 37 stack frames]]>
    </failure>
  </testcase> <!-- @BeforeMethod setUp -->
  <testcase name="@AfterMethod tearDown" time="0.0" classname="demoqa.demoqaTest.HomePageTest">
    <skipped/>
  </testcase> <!-- @AfterMethod tearDown -->
  <testcase name="@BeforeMethod setUp" time="0.0" classname="demoqa.demoqaTest.HomePageTest">
    <skipped/>
  </testcase> <!-- @BeforeMethod setUp -->
  <testcase name="@AfterMethod tearDown" time="0.0" classname="demoqa.demoqaTest.HomePageTest">
    <skipped/>
  </testcase> <!-- @AfterMethod tearDown -->
  <testcase name="logoTest" time="0.0" classname="demoqa.demoqaTest.HomePageTest">
    <skipped/>
  </testcase> <!-- logoTest -->
  <testcase name="title" time="0.0" classname="demoqa.demoqaTest.HomePageTest">
    <skipped/>
  </testcase> <!-- title -->
</testsuite> <!-- Command line test -->
