<?xml version="1.0" encoding="UTF-8"?>
<!-- Generated by org.testng.reporters.JUnitXMLReporter -->
<testsuite hostname="LAPTOP-SGJDQTGR" ignored="0" name="naveenTestNG" tests="3" failures="0" timestamp="30 Nov 2018 21:48:24 GMT" time="13.827" errors="0">
  <testcase name="gmailTest" time="5.53" classname="naveenTestNG.SeleniumTestNG"/>
  <testcase name="caseTest" time="0.002" classname="naveenTestNG.Basics"/>
  <testcase name="case2Test" time="0.002" classname="naveenTestNG.Basics"/>
</testsuite> <!-- naveenTestNG -->
