<?xml version="1.0" encoding="UTF-8"?>
<!-- Generated by org.testng.reporters.JUnitXMLReporter -->
<testsuite hostname="LAPTOP-SGJDQTGR" ignored="0" name="Tejas" tests="3" failures="0" timestamp="14 Dec 2018 21:18:00 GMT" time="8.919" errors="0">
  <testcase name="gmailTest" time="4.769" classname="naveenTestNG.SeleniumTestNG"/>
  <testcase name="caseTest" time="0.0" classname="naveenTestNG.Basics"/>
  <testcase name="case2Test" time="0.002" classname="naveenTestNG.Basics"/>
</testsuite> <!-- Tejas -->
