<?xml version="1.0" encoding="UTF-8"?>
<testng-results skipped="0" failed="0" ignored="0" total="1" passed="1">
  <reporter-output>
  </reporter-output>
  <suite name="Surefire suite" duration-ms="217" started-at="2018-12-15T21:55:18Z" finished-at="2018-12-15T21:55:18Z">
    <groups>
    </groups>
    <test name="Surefire test" duration-ms="217" started-at="2018-12-15T21:55:18Z" finished-at="2018-12-15T21:55:18Z">
      <class name="com.testing.AppTest">
        <test-method status="PASS" signature="shouldAnswerWithTrue()" name="shouldAnswerWithTrue" duration-ms="15" started-at="2018-12-15T21:55:18Z" finished-at="2018-12-15T21:55:18Z">
          <reporter-output>
          </reporter-output>
        </test-method> <!-- shouldAnswerWithTrue -->
      </class> <!-- com.testing.AppTest -->
    </test> <!-- Surefire test -->
  </suite> <!-- Surefire suite -->
</testng-results>
